2025-01-14 15:19:30,036 - DEBUG - Logger initialized successfully.
2025-01-14 15:20:01,744 - INFO - Token erstellt: eyJhbGciOiJIUzI1NiIsInR5cCI6IkpXVCJ9.eyJzdWIiOiJsZW9uIiwiZXhwIjoxNzM2ODY2MjAxfQ.Iovv215N1i91U0FCn92_ChKtO6QVZcm5T6uAfaXU91Q
2025-01-14 15:20:01,745 - INFO - Benutzer leon hat sich erfolgreich eingeloggt.
2025-01-14 15:20:15,012 - WARNING - Token fehlt oder ungültig
2025-01-14 15:29:38,727 - DEBUG - Logger initialized successfully.
2025-01-14 15:33:20,964 - DEBUG - Logger initialized successfully.
2025-01-14 15:35:09,878 - DEBUG - Logger initialized successfully.
2025-01-14 15:35:45,246 - INFO - Token erstellt: eyJhbGciOiJIUzI1NiIsInR5cCI6IkpXVCJ9.eyJzdWIiOiJsZW9uIiwiZXhwIjoxNzM2ODY3MTQ1fQ.HqhhZg1Vsdw6oT8gCkQTHr3u9yWUlGgBQgUDJvHvtt4
2025-01-14 15:35:45,247 - INFO - Benutzer leon hat sich erfolgreich eingeloggt.
2025-01-14 15:35:45,669 - INFO - Token verifiziert: {'sub': 'leon', 'exp': 1736867145}
2025-01-14 15:35:45,670 - INFO - Token von leon ist gültig.
2025-01-14 15:35:46,899 - INFO - Logout erfolgreich.
2025-01-14 15:48:57,565 - INFO - Alle Schüler abgerufen.
2025-01-14 15:51:22,472 - DEBUG - Logger initialized successfully.
2025-01-14 15:51:40,882 - INFO - Alle Schüler abgerufen.
2025-01-14 15:51:55,421 - INFO - Alle Schüler abgerufen.
2025-01-14 15:53:56,008 - INFO - Alle Schüler abgerufen.
2025-01-14 15:55:51,877 - INFO - Alle Schüler abgerufen.
2025-01-14 15:57:49,444 - INFO - Alle Schüler abgerufen.
2025-01-14 15:57:56,256 - INFO - Alle Schüler abgerufen.
2025-01-14 15:58:19,001 - INFO - Alle Schüler abgerufen.
2025-01-14 15:58:20,389 - INFO - Alle Schüler abgerufen.
2025-01-14 15:58:29,081 - INFO - Alle Schüler abgerufen.
2025-01-14 15:59:07,734 - INFO - Alle Schüler abgerufen.
2025-01-14 16:00:05,294 - INFO - Alle Schüler abgerufen.
2025-01-14 16:02:29,375 - WARNING - Login fehlgeschlagen für Benutzer leon 
2025-01-14 16:02:35,777 - WARNING - Login fehlgeschlagen für Benutzer leon 
2025-01-14 16:02:37,215 - WARNING - Login fehlgeschlagen für Benutzer leon 
2025-01-14 16:02:37,730 - WARNING - Login fehlgeschlagen für Benutzer leon 
2025-01-14 16:02:37,918 - WARNING - Login fehlgeschlagen für Benutzer leon 
2025-01-14 16:03:02,053 - WARNING - Login fehlgeschlagen für Benutzer leon 
2025-01-14 16:03:14,460 - WARNING - Login fehlgeschlagen für Benutzer leon 
2025-01-14 16:03:15,836 - WARNING - Login fehlgeschlagen für Benutzer leon 
2025-01-14 16:03:16,304 - WARNING - Login fehlgeschlagen für Benutzer leon 
2025-01-14 16:03:16,480 - WARNING - Login fehlgeschlagen für Benutzer leon 
2025-01-14 16:03:16,643 - WARNING - Login fehlgeschlagen für Benutzer leon 
2025-01-14 16:03:16,870 - WARNING - Login fehlgeschlagen für Benutzer leon 
2025-01-14 16:04:33,443 - DEBUG - Logger initialized successfully.
2025-01-14 16:04:50,293 - INFO - Token erstellt: eyJhbGciOiJIUzI1NiIsInR5cCI6IkpXVCJ9.eyJzdWIiOiJsZW9uIiwiZXhwIjoxNzM2ODY4ODkwfQ.Gj903_XlKZt954DRPxUw8TlYIw1nQjRJDyOCN5vNKNQ
2025-01-14 16:04:50,294 - INFO - Benutzer leon hat sich erfolgreich eingeloggt.
2025-01-14 16:04:50,589 - INFO - Token verifiziert: {'sub': 'leon', 'exp': 1736868890}
2025-01-14 16:04:50,591 - INFO - Token von leon ist gültig.
2025-01-14 16:04:51,894 - INFO - Logout erfolgreich.
2025-01-14 16:05:13,112 - DEBUG - Logger initialized successfully.
2025-01-14 16:08:14,398 - INFO - Alle Schüler abgerufen.
2025-01-14 16:09:47,240 - INFO - Token erstellt: eyJhbGciOiJIUzI1NiIsInR5cCI6IkpXVCJ9.eyJzdWIiOiJsZW9uIiwiZXhwIjoxNzM2ODY5MTg3fQ.eNXAe8Sago50kiqRrhxgS1LaODgtPVxHLA9sCqO9SF8
2025-01-14 16:09:47,241 - INFO - Benutzer leon hat sich erfolgreich eingeloggt.
2025-01-14 16:09:47,534 - INFO - Token verifiziert: {'sub': 'leon', 'exp': 1736869187}
2025-01-14 16:09:47,535 - INFO - Token von leon ist gültig.
2025-01-14 16:09:49,001 - INFO - Logout erfolgreich.
2025-01-14 16:11:16,292 - INFO - Alle Schüler abgerufen.
2025-01-14 16:13:37,986 - INFO - Schüler leon leon erfolgreich hinzugefügt.
2025-01-14 16:13:52,968 - INFO - Alle Schüler abgerufen.
2025-01-14 16:14:44,012 - INFO - RFID-Tag 2 erstellt.
2025-01-14 16:14:44,022 - INFO - Schüler leon1 leon1 erfolgreich hinzugefügt.
2025-01-14 16:14:54,392 - INFO - RFID-Tag 3 erstellt.
2025-01-14 16:14:54,402 - INFO - Schüler leon2 leon2 erfolgreich hinzugefügt.
2025-01-14 16:14:57,077 - INFO - Alle Schüler abgerufen.
2025-01-14 16:17:49,205 - INFO - Alle Schüler abgerufen.
2025-01-14 16:18:24,755 - INFO - Alle Schüler abgerufen.
2025-01-14 16:18:51,243 - INFO - Alle Schüler abgerufen.
2025-01-14 16:19:26,844 - INFO - Alle Schüler abgerufen.
2025-01-14 16:20:56,042 - INFO - Alle Schüler abgerufen.
2025-01-14 16:22:27,945 - INFO - Alle Schüler abgerufen.
2025-01-14 16:23:47,145 - INFO - Alle Schüler abgerufen.
2025-01-14 16:25:35,995 - INFO - Alle Schüler abgerufen.
2025-01-14 16:27:46,342 - INFO - Alle Schüler abgerufen.
2025-01-20 08:00:25,447 - DEBUG - Logger initialized successfully.
2025-01-20 08:01:30,420 - INFO - Token erstellt: eyJhbGciOiJIUzI1NiIsInR5cCI6IkpXVCJ9.eyJzdWIiOiJsZW9uIiwiZXhwIjoxNzM3MzU4MjkwfQ.rt99M71K8dlLZCT9xbvwuQluODtwai4AgMjwqlRxgao
2025-01-20 08:01:30,422 - INFO - Benutzer leon hat sich erfolgreich eingeloggt.
2025-01-20 08:01:31,048 - INFO - Token verifiziert: {'sub': 'leon', 'exp': 1737358290}
2025-01-20 08:01:31,051 - INFO - Token von leon ist gültig.
2025-01-20 08:01:38,701 - INFO - Alle Schüler abgerufen.
2025-01-20 08:02:27,936 - INFO - Alle Schüler abgerufen.
2025-01-20 08:10:47,305 - DEBUG - Logger initialized successfully.
2025-01-20 08:14:35,109 - INFO - Alle Schüler abgerufen.
2025-01-20 08:15:06,018 - WARNING - Schüler mit ID 1 nicht gefunden.
2025-01-20 08:15:26,235 - WARNING - Schüler mit ID 1 nicht gefunden.
2025-01-20 08:15:34,938 - WARNING - Schüler mit ID 1 nicht gefunden.
2025-01-20 08:16:24,301 - INFO - Klasse 5AHWII erfolgreich hinzugefügt.
2025-01-20 08:16:51,256 - INFO - Alle Schüler abgerufen.
2025-01-20 08:17:38,402 - INFO - Alle Schüler abgerufen.
2025-01-20 08:18:34,965 - INFO - Alle Schüler abgerufen.
2025-01-20 08:19:13,477 - INFO - Raum 308 erfolgreich hinzugefügt.
2025-01-20 08:19:34,110 - DEBUG - Logger initialized successfully.
2025-01-20 08:22:01,253 - INFO - Token verifiziert: {'sub': 'leon', 'exp': 1737358290}
2025-01-20 08:22:01,255 - INFO - Token von leon ist gültig.
2025-01-20 08:22:04,165 - INFO - Logout erfolgreich.
2025-01-20 08:23:31,176 - INFO - Alle Schüler abgerufen.
2025-01-20 08:24:26,392 - INFO - Alle Schüler abgerufen.
2025-01-20 08:32:07,520 - DEBUG - Logger initialized successfully.
2025-01-20 08:32:33,050 - WARNING - Login fehlgeschlagen für Benutzer leon
2025-01-20 08:32:36,582 - INFO - Token erstellt: eyJhbGciOiJIUzI1NiIsInR5cCI6IkpXVCJ9.eyJzdWIiOiJsZW9uIiwiZXhwIjoxNzM3MzYwMTU2fQ.48qZwPpPIuIyFoZRLz9CuuQcguQn3S-F27ioDB1_av8
2025-01-20 08:32:36,584 - INFO - Benutzer leon hat sich erfolgreich eingeloggt.
2025-01-20 08:32:36,908 - INFO - Token verifiziert: {'sub': 'leon', 'exp': 1737360156}
2025-01-20 08:32:36,909 - INFO - Token von leon ist gültig.
2025-01-20 08:32:39,767 - INFO - Logout erfolgreich.
2025-01-20 08:32:43,788 - INFO - Alle Schüler abgerufen.
2025-01-20 08:40:31,997 - INFO - Alle Schüler abgerufen.
2025-01-20 08:41:10,899 - INFO - Alle Schüler abgerufen.
2025-01-20 08:42:02,674 - WARNING - Schüler mit ID 1 nicht gefunden.
2025-01-20 08:44:00,515 - INFO - Alle Schüler abgerufen.
2025-01-20 08:47:25,797 - DEBUG - Logger initialized successfully.
2025-01-20 08:47:29,458 - DEBUG - Logger initialized successfully.
2025-01-20 08:47:36,096 - INFO - Alle Schüler abgerufen.
2025-01-20 08:48:17,726 - INFO - Alle Schüler abgerufen.
2025-01-20 08:49:48,076 - INFO - Alle Schüler abgerufen.
2025-01-20 08:50:56,938 - INFO - Alle Schüler abgerufen.
2025-01-20 08:52:09,399 - INFO - Alle Schüler abgerufen.
2025-01-20 08:52:26,086 - INFO - Alle Schüler abgerufen.
2025-01-20 09:02:47,788 - DEBUG - Logger initialized successfully.
2025-01-20 09:03:31,792 - INFO - Alle Schüler abgerufen.
2025-01-20 09:03:44,593 - INFO - Alle Schüler abgerufen.
2025-01-20 09:05:26,463 - DEBUG - Logger initialized successfully.
2025-01-20 09:05:31,469 - DEBUG - Logger initialized successfully.
2025-01-20 09:05:50,897 - INFO - Alle Schüler abgerufen.
2025-01-20 09:06:04,462 - INFO - Alle Schüler abgerufen.
2025-01-20 09:06:10,263 - INFO - Alle Schüler abgerufen.
2025-01-20 09:07:07,570 - INFO - Alle Schüler abgerufen.
2025-01-20 09:07:54,747 - INFO - Alle Schüler abgerufen.
2025-01-20 09:08:06,879 - DEBUG - Logger initialized successfully.
